<?xml version="1.0" encoding="UTF-8"?>
<!-- Generated by org.testng.reporters.JUnitReportReporter -->
<testsuite skipped="0" hostname="Saranyas-Mac.local" name="Seetest.SampleAndroidTest2" tests="1" failures="0" timestamp="05 Jul 2018 05:42:58 GMT" time="43.201" errors="0">
  <testcase name="testUntitled" time="43.201" classname="Seetest.SampleAndroidTest2"/>
</testsuite> <!-- Seetest.SampleAndroidTest2 -->
