<?xml version="1.0" encoding="UTF-8"?>
<!-- Generated by org.testng.reporters.JUnitReportReporter -->
<testsuite skipped="0" hostname="Saranyas-Mac.local" name="Seetest.SampleiOSTest" tests="1" failures="0" timestamp="03 Jul 2018 11:04:53 GMT" time="60.692" errors="0">
  <testcase name="testUntitled" time="60.692" classname="Seetest.SampleiOSTest"/>
</testsuite> <!-- Seetest.SampleiOSTest -->
