<?xml version="1.0" encoding="UTF-8"?>
<!-- Generated by org.testng.reporters.JUnitReportReporter -->
<testsuite skipped="0" hostname="Saranyas-Mac.local" name="Seetest.SampleAndroidTest" tests="1" failures="0" timestamp="05 Jul 2018 05:42:58 GMT" time="41.785" errors="0">
  <testcase name="testUntitled" time="41.785" classname="Seetest.SampleAndroidTest"/>
</testsuite> <!-- Seetest.SampleAndroidTest -->
