<?xml version="1.0" encoding="UTF-8"?>
<!-- Generated by org.testng.reporters.JUnitReportReporter -->
<testsuite skipped="0" hostname="Saranyas-Mac.local" name="Seetest.SampleAndroidTest" tests="1" failures="0" timestamp="11 Jul 2018 11:57:54 GMT" time="43.492" errors="0">
  <testcase name="testUntitled" time="43.492" classname="Seetest.SampleAndroidTest"/>
</testsuite> <!-- Seetest.SampleAndroidTest -->
