<?xml version="1.0" encoding="UTF-8"?>
<!-- Generated by org.testng.reporters.JUnitReportReporter -->
<testsuite skipped="0" hostname="Saranyas-Mac.local" name="Seetest.SampleAndroidTest2" tests="1" failures="0" timestamp="11 Jul 2018 11:57:54 GMT" time="41.846" errors="0">
  <testcase name="testUntitled" time="41.846" classname="Seetest.SampleAndroidTest2"/>
</testsuite> <!-- Seetest.SampleAndroidTest2 -->
