<?xml version="1.0" encoding="UTF-8"?>
<!-- Generated by org.testng.reporters.JUnitReportReporter -->
<testsuite skipped="0" hostname="Saranyas-Mac.local" name="Seetest.SampleAndroidTest" tests="1" failures="0" timestamp="03 Jul 2018 12:01:23 GMT" time="47.979" errors="0">
  <testcase name="testUntitled" time="47.979" classname="Seetest.SampleAndroidTest"/>
</testsuite> <!-- Seetest.SampleAndroidTest -->
